Time[ps]      Etot[eV]     Epot[eV]     Ekin[eV]    T[K]
Time[ps]      Etot[eV]     Epot[eV]     Ekin[eV]    T[K]
Time[ps]      Etot[eV]     Epot[eV]     Ekin[eV]    T[K]
0.0000        -117.2316    -117.2316       0.0000     0.0
0.2000        -117.2315    -117.2316       0.0001     0.0
0.4000        -116.3251    -116.5808       0.2557    61.8
0.6000        -115.4445    -116.3779       0.9334   225.6
0.8000        -114.9488    -115.8889       0.9402   227.3
1.0000        -114.7076    -116.3068       1.5992   386.6
1.2000        -114.5836    -116.2426       1.6590   401.1
1.4000        -114.5227    -116.1503       1.6277   393.5
1.6000        -114.4646    -116.0246       1.5600   377.1
1.8000        -114.4611    -115.7762       1.3150   317.9
2.0000        -114.4229    -116.0635       1.6407   396.7
2.2000        -114.4093    -116.0107       1.6014   387.2
2.4000        -114.4141    -115.9848       1.5707   379.7
2.6000        -114.4289    -116.0544       1.6254   393.0
2.8000        -114.4227    -115.8728       1.4501   350.6
3.0000        -114.4271    -116.0065       1.5794   381.8
3.2000        -114.3992    -115.7928       1.3936   336.9
3.4000        -114.3873    -116.1379       1.7506   423.2
3.6000        -114.4208    -116.1967       1.7759   429.3
3.8000        -114.4161    -116.2914       1.8753   453.4
4.0000        -114.4299    -116.0210       1.5911   384.7
4.2000        -114.4471    -116.2133       1.7662   427.0
4.4000        -114.4348    -116.0682       1.6334   394.9
4.6000        -114.4119    -115.7881       1.3762   332.7
4.8000        -114.4003    -116.3011       1.9007   459.5
5.0000        -114.4089    -116.2220       1.8131   438.3
5.2000        -114.4373    -116.2345       1.7972   434.5
5.4000        -114.4161    -115.7986       1.3825   334.2
5.6000        -114.4300    -116.2877       1.8577   449.1
5.8000        -114.4319    -116.3915       1.9596   473.8
6.0000        -114.4496    -116.1009       1.6512   399.2
6.2000        -114.4295    -116.2836       1.8541   448.2
6.4000        -114.4345    -115.8141       1.3797   333.6
6.6000        -114.4119    -116.2420       1.8301   442.4
6.8000        -114.4445    -116.1098       1.6653   402.6
7.0000        -114.4367    -115.9208       1.4841   358.8
7.2000        -114.4116    -115.9964       1.5848   383.1
7.4000        -114.4133    -115.9286       1.5152   366.3
7.6000        -114.4138    -116.0726       1.6588   401.0
7.8000        -114.3935    -116.0964       1.7029   411.7
8.0000        -114.4107    -116.2164       1.8058   436.6
8.2000        -114.4039    -116.0881       1.6843   407.2
8.4000        -114.4074    -116.3089       1.9015   459.7
8.6000        -114.4277    -116.3076       1.8799   454.5
8.8000        -114.4314    -115.8708       1.4394   348.0
9.0000        -114.4115    -116.0381       1.6266   393.3
9.2000        -114.4498    -116.0046       1.5548   375.9
9.4000        -114.4251    -116.1037       1.6785   405.8
9.6000        -114.4350    -115.9796       1.5446   373.4
9.8000        -114.4204    -115.9072       1.4868   359.5
10.0000       -114.4222    -115.9726       1.5505   374.8
10.2000       -114.4243    -116.0848       1.6605   401.4
10.4000       -114.3997    -116.3656       1.9659   475.3
10.6000       -114.4094    -115.9647       1.5553   376.0
10.8000       -114.4174    -116.0472       1.6298   394.0
11.0000       -114.4145    -115.7214       1.3068   315.9
11.2000       -114.4059    -116.2590       1.8531   448.0
11.4000       -114.4220    -116.0917       1.6698   403.7
11.6000       -114.4191    -115.9730       1.5538   375.7
11.8000       -114.4361    -116.1679       1.7318   418.7
12.0000       -114.4471    -115.8996       1.4524   351.1
12.2000       -114.4335    -115.9421       1.5087   364.7
Time[ps]      Etot[eV]     Epot[eV]     Ekin[eV]    T[K]
Time[ps]      Etot[eV]     Epot[eV]     Ekin[eV]    T[K]
0.0000        -1831.743    -1831.743        0.000     0.0
0.2000        -1831.738    -1831.743        0.005     0.1
0.4000        -1815.569    -1820.291        4.722    73.1
0.6000        -1803.242    -1817.563       14.320   221.6
Time[ps]      Etot[eV]     Epot[eV]     Ekin[eV]    T[K]
Time[ps]      Etot[eV]     Epot[eV]     Ekin[eV]    T[K]
Time[ps]      Etot[eV]     Epot[eV]     Ekin[eV]    T[K]
0.0000        -1831.743    -1831.743        0.000     0.0
0.2000        -1831.737    -1831.743        0.005     0.1
0.4000        -1815.547    -1820.208        4.661    72.1
0.6000        -1803.271    -1817.320       14.049   217.4
0.8000        -1796.687    -1815.392       18.705   289.4
1.0000        -1792.869    -1812.900       20.031   309.9
1.2000        -1790.918    -1811.655       20.736   320.8
1.4000        -1789.799    -1811.574       21.775   336.9
1.6000        -1788.593    -1812.518       23.925   370.2
1.8000        -1788.423    -1812.504       24.080   372.6
2.0000        -1788.133    -1812.318       24.185   374.2
2.2000        -1787.945    -1813.346       25.401   393.0
2.4000        -1788.079    -1812.886       24.807   383.8
2.6000        -1787.652    -1813.982       26.330   407.4
2.8000        -1788.017    -1813.151       25.134   388.9
3.0000        -1787.639    -1813.607       25.968   401.8
3.2000        -1787.897    -1813.413       25.516   394.8
3.4000        -1787.704    -1812.749       25.045   387.5
3.6000        -1787.843    -1813.965       26.122   404.2
3.8000        -1787.813    -1813.926       26.113   404.0
4.0000        -1787.863    -1814.455       26.591   411.4
4.2000        -1787.648    -1813.717       26.068   403.3
4.4000        -1787.908    -1813.406       25.498   394.5
4.6000        -1787.809    -1813.134       25.325   391.8
4.8000        -1787.847    -1813.631       25.784   398.9
5.0000        -1787.700    -1813.792       26.092   403.7
5.2000        -1787.773    -1813.597       25.824   399.6
5.4000        -1787.824    -1813.858       26.033   402.8
5.6000        -1787.787    -1813.146       25.358   392.4
5.8000        -1787.809    -1814.059       26.249   406.1
6.0000        -1787.657    -1812.836       25.179   389.6
6.2000        -1787.685    -1813.455       25.770   398.7
6.4000        -1787.723    -1813.969       26.246   406.1
6.6000        -1787.713    -1814.285       26.572   411.1
6.8000        -1787.668    -1813.560       25.892   400.6
7.0000        -1787.686    -1812.673       24.987   386.6
7.2000        -1787.705    -1814.456       26.751   413.9
7.4000        -1787.794    -1813.674       25.880   400.4
7.6000        -1787.857    -1813.708       25.851   400.0
7.8000        -1787.771    -1814.245       26.474   409.6
8.0000        -1787.858    -1813.346       25.489   394.4
8.2000        -1787.868    -1814.809       26.941   416.9
8.4000        -1787.543    -1813.349       25.806   399.3
8.6000        -1787.733    -1813.611       25.878   400.4
8.8000        -1787.798    -1813.199       25.400   393.0
9.0000        -1787.773    -1813.438       25.664   397.1
9.2000        -1787.717    -1812.613       24.896   385.2
9.4000        -1787.662    -1814.102       26.440   409.1
9.6000        -1787.826    -1813.329       25.504   394.6
9.8000        -1787.627    -1814.040       26.413   408.7
10.0000       -1787.790    -1812.767       24.977   386.5
10.2000       -1787.736    -1813.603       25.867   400.2
10.4000       -1787.856    -1813.215       25.358   392.4
10.6000       -1787.900    -1813.693       25.793   399.1
10.8000       -1787.819    -1813.189       25.370   392.5
11.0000       -1787.755    -1813.464       25.710   397.8
11.2000       -1787.677    -1814.215       26.538   410.6
11.4000       -1787.699    -1814.076       26.376   408.1
11.6000       -1787.607    -1814.420       26.814   414.9
11.8000       -1787.856    -1814.020       26.164   404.8
12.0000       -1787.853    -1812.998       25.145   389.1
12.2000       -1787.740    -1814.193       26.453   409.3
12.4000       -1787.686    -1812.613       24.926   385.7
12.6000       -1787.782    -1812.680       24.897   385.2
12.8000       -1787.825    -1812.756       24.931   385.7
13.0000       -1787.897    -1813.097       25.200   389.9
13.2000       -1787.920    -1813.487       25.568   395.6
13.4000       -1787.740    -1813.689       25.949   401.5
13.6000       -1787.679    -1813.608       25.929   401.2
13.8000       -1787.689    -1812.863       25.174   389.5
14.0000       -1787.785    -1812.467       24.682   381.9
14.2000       -1787.779    -1814.101       26.322   407.3
14.4000       -1787.786    -1813.960       26.174   405.0
14.6000       -1787.764    -1813.295       25.531   395.0
14.8000       -1787.874    -1812.722       24.848   384.5
15.0000       -1787.734    -1813.753       26.019   402.6
15.2000       -1787.788    -1813.853       26.065   403.3
15.4000       -1787.744    -1813.302       25.558   395.4
15.6000       -1787.716    -1813.039       25.323   391.8
15.8000       -1787.854    -1813.553       25.699   397.6
16.0000       -1787.841    -1814.571       26.730   413.6
16.2000       -1787.696    -1812.806       25.110   388.5
16.4000       -1787.723    -1813.391       25.668   397.1
16.6000       -1787.788    -1813.300       25.512   394.7
16.8000       -1787.657    -1812.972       25.314   391.7
17.0000       -1787.713    -1813.607       25.894   400.7
17.2000       -1787.666    -1812.610       24.944   385.9
17.4000       -1787.694    -1813.946       26.252   406.2
17.6000       -1787.744    -1813.244       25.501   394.6
17.8000       -1787.758    -1812.674       24.916   385.5
18.0000       -1787.776    -1813.946       26.170   404.9
18.2000       -1787.801    -1812.187       24.386   377.3
18.4000       -1787.778    -1814.253       26.475   409.6
18.6000       -1787.744    -1812.833       25.089   388.2
18.8000       -1787.783    -1813.972       26.189   405.2
19.0000       -1787.848    -1813.639       25.791   399.1
19.2000       -1787.819    -1813.356       25.536   395.1
19.4000       -1787.671    -1814.400       26.728   413.6
19.6000       -1787.758    -1813.752       25.994   402.2
19.8000       -1787.762    -1814.854       27.092   419.2
20.0000       -1787.765    -1813.638       25.873   400.3
