Time[ps]      Etot[eV]     Epot[eV]     Ekin[eV]    T[K]
0.0000        -1787.765    -1813.638       25.873   400.3
0.2000        -1788.550    -1813.421       24.871   384.8
0.4000        -1789.230    -1814.381       25.151   389.2
0.6000        -1789.802    -1815.314       25.512   394.7
0.8000        -1790.297    -1815.238       24.941   385.9
1.0000        -1790.729    -1815.085       24.356   376.9
1.2000        -1791.090    -1813.965       22.874   353.9
1.4000        -1791.416    -1815.282       23.866   369.3
1.6000        -1791.689    -1815.612       23.922   370.1
1.8000        -1791.922    -1816.114       24.193   374.3
2.0000        -1792.119    -1816.530       24.411   377.7
2.2000        -1792.295    -1815.826       23.531   364.1
2.4000        -1792.440    -1816.572       24.133   373.4
2.6000        -1792.563    -1816.483       23.920   370.1
2.8000        -1792.664    -1816.061       23.397   362.0
3.0000        -1792.747    -1816.017       23.270   360.0
3.2000        -1792.820    -1816.188       23.368   361.6
3.4000        -1792.884    -1816.445       23.562   364.6
3.6000        -1792.931    -1816.150       23.219   359.3
3.8000        -1792.970    -1816.251       23.281   360.2
4.0000        -1793.000    -1815.253       22.252   344.3
4.2000        -1793.022    -1815.607       22.586   349.5
4.4000        -1793.040    -1816.416       23.376   361.7
4.6000        -1793.050    -1815.951       22.901   354.3
4.8000        -1793.054    -1815.846       22.792   352.7
5.0000        -1793.057    -1816.077       23.019   356.2
5.2000        -1793.056    -1815.803       22.747   352.0
5.4000        -1793.052    -1815.772       22.720   351.5
5.6000        -1793.046    -1816.127       23.080   357.1
5.8000        -1793.037    -1815.522       22.485   347.9
6.0000        -1793.024    -1816.111       23.087   357.2
6.2000        -1793.010    -1815.873       22.863   353.7
6.4000        -1792.997    -1816.271       23.274   360.1
6.6000        -1792.981    -1815.287       22.306   345.1
6.8000        -1792.963    -1816.084       23.120   357.7
7.0000        -1792.948    -1816.285       23.337   361.1
7.2000        -1792.929    -1816.318       23.389   361.9
7.4000        -1792.909    -1815.487       22.578   349.3
7.6000        -1792.887    -1815.511       22.624   350.1
7.8000        -1792.868    -1816.092       23.224   359.3
8.0000        -1792.848    -1816.444       23.597   365.1
8.2000        -1792.825    -1814.338       21.513   332.9
8.4000        -1792.805    -1815.786       22.981   355.6
8.6000        -1792.783    -1815.198       22.415   346.8
8.8000        -1792.762    -1815.486       22.723   351.6
9.0000        -1792.741    -1816.036       23.295   360.4
9.2000        -1792.719    -1815.527       22.808   352.9
9.4000        -1792.696    -1814.777       22.082   341.7
9.6000        -1792.675    -1816.255       23.579   364.8
9.8000        -1792.652    -1814.986       22.334   345.6
10.0000       -1792.631    -1816.368       23.737   367.3
10.2000       -1792.609    -1815.854       23.245   359.7
10.4000       -1792.587    -1814.873       22.286   344.8
10.6000       -1792.565    -1815.255       22.689   351.1
10.8000       -1792.542    -1814.368       21.825   337.7
11.0000       -1792.520    -1815.654       23.134   357.9
11.2000       -1792.499    -1815.434       22.936   354.9
11.4000       -1792.477    -1815.166       22.689   351.1
11.6000       -1792.455    -1814.830       22.376   346.2
11.8000       -1792.435    -1815.853       23.419   362.3
12.0000       -1792.411    -1814.887       22.476   347.8
12.2000       -1792.390    -1814.768       22.378   346.2
12.4000       -1792.369    -1814.923       22.554   349.0
12.6000       -1792.346    -1815.051       22.705   351.3
12.8000       -1792.326    -1815.273       22.947   355.1
13.0000       -1792.304    -1815.459       23.154   358.3
13.2000       -1792.283    -1815.569       23.286   360.3
13.4000       -1792.260    -1814.384       22.124   342.3
13.6000       -1792.238    -1814.999       22.761   352.2
13.8000       -1792.217    -1814.841       22.624   350.0
14.0000       -1792.195    -1814.785       22.589   349.5
14.2000       -1792.176    -1816.218       24.042   372.0
14.4000       -1792.153    -1814.902       22.748   352.0
14.6000       -1792.132    -1814.903       22.771   352.3
14.8000       -1792.112    -1814.946       22.835   353.3
15.0000       -1792.090    -1815.194       23.104   357.5
15.2000       -1792.069    -1815.418       23.349   361.3
15.4000       -1792.047    -1815.890       23.842   368.9
15.6000       -1792.025    -1815.139       23.114   357.6
15.8000       -1792.004    -1814.732       22.729   351.7
16.0000       -1791.984    -1815.155       23.170   358.5
16.2000       -1791.964    -1816.631       24.667   381.7
16.4000       -1791.943    -1815.753       23.810   368.4
16.6000       -1791.920    -1814.042       22.122   342.3
16.8000       -1791.900    -1815.359       23.459   363.0
17.0000       -1791.879    -1814.858       22.978   355.5
17.2000       -1791.859    -1815.195       23.336   361.1
17.4000       -1791.837    -1815.124       23.288   360.3
17.6000       -1791.817    -1815.683       23.866   369.3
17.8000       -1791.796    -1815.575       23.779   367.9
18.0000       -1791.774    -1815.977       24.203   374.5
18.2000       -1791.753    -1815.797       24.044   372.0
18.4000       -1791.732    -1814.741       23.009   356.0
18.6000       -1791.712    -1814.994       23.282   360.2
18.8000       -1791.691    -1815.515       23.825   368.6
19.0000       -1791.669    -1814.402       22.733   351.7
19.2000       -1791.649    -1815.840       24.191   374.3
19.4000       -1791.628    -1815.572       23.944   370.5
19.6000       -1791.607    -1814.638       23.030   356.3
19.8000       -1791.586    -1815.346       23.760   367.6
20.0000       -1791.566    -1814.746       23.180   358.7
20.2000       -1791.546    -1815.289       23.743   367.4
20.4000       -1791.524    -1814.571       23.046   356.6
20.6000       -1791.503    -1814.635       23.132   357.9
20.8000       -1791.483    -1815.305       23.822   368.6
21.0000       -1791.463    -1814.964       23.501   363.6
21.2000       -1791.441    -1814.623       23.182   358.7
21.4000       -1791.421    -1815.103       23.682   366.4
21.6000       -1791.400    -1814.826       23.425   362.5
21.8000       -1791.379    -1815.000       23.622   365.5
22.0000       -1791.360    -1816.401       25.041   387.5
22.2000       -1791.337    -1814.304       22.967   355.4
22.4000       -1791.316    -1813.455       22.139   342.5
22.6000       -1791.297    -1814.843       23.546   364.3
22.8000       -1791.276    -1814.869       23.593   365.1
23.0000       -1791.255    -1814.505       23.249   359.7
23.2000       -1791.234    -1814.494       23.260   359.9
23.4000       -1791.213    -1814.801       23.588   365.0
23.6000       -1791.193    -1815.047       23.854   369.1
23.8000       -1791.172    -1815.075       23.903   369.8
24.0000       -1791.153    -1815.480       24.327   376.4
24.2000       -1791.132    -1815.681       24.549   379.8
24.4000       -1791.110    -1815.076       23.967   370.8
24.6000       -1791.089    -1815.073       23.984   371.1
24.8000       -1791.068    -1814.090       23.022   356.2
25.0000       -1791.046    -1814.131       23.085   357.2
25.2000       -1791.027    -1815.345       24.319   376.3
25.4000       -1791.007    -1814.928       23.921   370.1
25.6000       -1790.984    -1813.425       22.441   347.2
25.8000       -1790.965    -1814.768       23.803   368.3
26.0000       -1790.944    -1814.572       23.628   365.6
26.2000       -1790.922    -1814.486       23.563   364.6
26.4000       -1790.902    -1814.026       23.123   357.8
26.6000       -1790.881    -1814.572       23.691   366.6
26.8000       -1790.862    -1815.887       25.025   387.2
27.0000       -1790.840    -1814.663       23.823   368.6
27.2000       -1790.819    -1814.913       24.094   372.8
27.4000       -1790.798    -1813.655       22.856   353.6
27.6000       -1790.778    -1814.208       23.431   362.5
27.8000       -1790.758    -1814.975       24.217   374.7
28.0000       -1790.736    -1813.861       23.126   357.8
28.2000       -1790.716    -1814.407       23.691   366.6
28.4000       -1790.695    -1814.439       23.744   367.4
28.6000       -1790.674    -1814.864       24.190   374.3
28.8000       -1790.654    -1814.724       24.070   372.4
29.0000       -1790.632    -1814.553       23.921   370.1
29.2000       -1790.611    -1814.559       23.948   370.5
29.4000       -1790.591    -1814.889       24.297   375.9
29.6000       -1790.570    -1814.287       23.716   367.0
29.8000       -1790.550    -1814.138       23.588   365.0
30.0000       -1790.530    -1815.154       24.624   381.0
30.2000       -1790.509    -1815.076       24.567   380.1
30.4000       -1790.488    -1814.303       23.815   368.5
30.6000       -1790.465    -1813.722       23.257   359.9
30.8000       -1790.448    -1815.542       25.095   388.3
31.0000       -1790.427    -1814.226       23.799   368.2
31.2000       -1790.405    -1814.741       24.336   376.5
31.4000       -1790.385    -1814.756       24.371   377.1
31.6000       -1790.364    -1814.625       24.262   375.4
31.8000       -1790.344    -1814.755       24.412   377.7
32.0000       -1790.324    -1814.175       23.851   369.0
32.2000       -1790.302    -1814.188       23.885   369.6
32.4000       -1790.283    -1814.059       23.777   367.9
32.6000       -1790.262    -1814.854       24.592   380.5
32.8000       -1790.240    -1813.586       23.346   361.2
33.0000       -1790.220    -1814.763       24.543   379.7
33.2000       -1790.199    -1814.925       24.726   382.6
33.4000       -1790.178    -1815.019       24.841   384.4
33.6000       -1790.159    -1814.616       24.457   378.4
33.8000       -1790.137    -1815.304       25.168   389.4
34.0000       -1790.115    -1814.258       24.142   373.5
34.2000       -1790.096    -1814.882       24.786   383.5
34.4000       -1790.075    -1814.321       24.246   375.2
34.6000       -1790.055    -1815.457       25.402   393.0
34.8000       -1790.034    -1813.540       23.505   363.7
35.0000       -1790.013    -1813.844       23.831   368.7
35.2000       -1789.993    -1814.025       24.031   371.8
35.4000       -1789.973    -1815.022       25.049   387.6
35.6000       -1789.953    -1815.020       25.067   387.9
35.8000       -1789.932    -1813.941       24.010   371.5
36.0000       -1789.910    -1812.869       22.959   355.2
36.2000       -1789.892    -1815.270       25.378   392.7
36.4000       -1789.871    -1814.305       24.435   378.1
36.6000       -1789.850    -1813.698       23.847   369.0
36.8000       -1789.830    -1814.275       24.445   378.2
37.0000       -1789.808    -1813.737       23.929   370.2
37.2000       -1789.788    -1813.660       23.871   369.3
37.4000       -1789.768    -1814.066       24.299   376.0
37.6000       -1789.746    -1813.399       23.654   366.0
37.8000       -1789.727    -1814.142       24.415   377.8
38.0000       -1789.706    -1814.069       24.363   377.0
38.2000       -1789.686    -1814.092       24.407   377.6
38.4000       -1789.665    -1813.021       23.357   361.4
38.6000       -1789.645    -1815.057       25.412   393.2
38.8000       -1789.623    -1814.318       24.695   382.1
39.0000       -1789.603    -1814.371       24.767   383.2
39.2000       -1789.582    -1814.231       24.648   381.4
39.4000       -1789.562    -1814.540       24.978   386.5
39.6000       -1789.541    -1813.623       24.082   372.6
39.8000       -1789.522    -1813.793       24.271   375.5
40.0000       -1789.502    -1814.815       25.314   391.7
40.2000       -1789.480    -1813.455       23.975   371.0
40.4000       -1789.461    -1814.719       25.259   390.8
40.6000       -1789.439    -1814.395       24.956   386.1
40.8000       -1789.419    -1814.777       25.358   392.4
41.0000       -1789.398    -1814.189       24.791   383.6
41.2000       -1789.379    -1814.671       25.292   391.3
41.4000       -1789.358    -1814.061       24.703   382.2
41.6000       -1789.340    -1814.735       25.396   392.9
41.8000       -1789.319    -1814.362       25.043   387.5
42.0000       -1789.297    -1813.925       24.628   381.1
42.2000       -1789.277    -1814.319       25.042   387.5
42.4000       -1789.257    -1814.572       25.315   391.7
42.6000       -1789.237    -1813.567       24.330   376.5
42.8000       -1789.217    -1814.523       25.306   391.6
43.0000       -1789.197    -1813.873       24.676   381.8
43.2000       -1789.175    -1813.919       24.743   382.8
43.4000       -1789.156    -1813.871       24.715   382.4
43.6000       -1789.135    -1813.807       24.671   381.7
43.8000       -1789.114    -1814.291       25.177   389.6
44.0000       -1789.093    -1814.053       24.959   386.2
44.2000       -1789.073    -1814.163       25.090   388.2
44.4000       -1789.053    -1814.043       24.990   386.7
44.6000       -1789.032    -1813.926       24.894   385.2
44.8000       -1789.010    -1813.679       24.668   381.7
45.0000       -1788.991    -1813.879       24.888   385.1
45.2000       -1788.970    -1814.550       25.579   395.8
45.4000       -1788.947    -1812.312       23.364   361.5
45.6000       -1788.929    -1813.761       24.832   384.2
45.8000       -1788.908    -1814.129       25.220   390.2
46.0000       -1788.887    -1813.931       25.044   387.5
46.2000       -1788.867    -1813.896       25.029   387.3
46.4000       -1788.846    -1813.131       24.285   375.8
46.6000       -1788.825    -1814.111       25.286   391.2
46.8000       -1788.804    -1813.082       24.278   375.6
47.0000       -1788.784    -1813.392       24.608   380.7
47.2000       -1788.764    -1813.933       25.169   389.4
47.4000       -1788.744    -1813.458       24.715   382.4
47.6000       -1788.723    -1814.032       25.309   391.6
47.8000       -1788.702    -1814.423       25.721   398.0
48.0000       -1788.683    -1814.556       25.872   400.3
48.2000       -1788.662    -1813.601       24.939   385.9
48.4000       -1788.641    -1812.914       24.273   375.6
48.6000       -1788.621    -1813.282       24.661   381.6
48.8000       -1788.600    -1813.540       24.940   385.9
49.0000       -1788.582    -1814.839       26.257   406.3
49.2000       -1788.561    -1813.348       24.787   383.5
49.4000       -1788.541    -1813.669       25.128   388.8
49.6000       -1788.520    -1813.418       24.898   385.2
49.8000       -1788.500    -1814.241       25.741   398.3
50.0000       -1788.481    -1814.389       25.908   400.9
50.2000       -1788.459    -1813.641       25.182   389.6
50.4000       -1788.439    -1812.766       24.327   376.4
50.6000       -1788.419    -1813.405       24.986   386.6
50.8000       -1788.396    -1812.907       24.511   379.3
51.0000       -1788.377    -1813.980       25.603   396.1
51.2000       -1788.359    -1814.071       25.712   397.8
51.4000       -1788.337    -1812.424       24.087   372.7
51.6000       -1788.318    -1813.184       24.867   384.8
51.8000       -1788.298    -1813.115       24.817   384.0
52.0000       -1788.278    -1813.526       25.248   390.7
52.2000       -1788.257    -1813.056       24.799   383.7
52.4000       -1788.236    -1813.087       24.851   384.5
52.6000       -1788.213    -1812.338       24.125   373.3
52.8000       -1788.196    -1813.639       25.444   393.7
53.0000       -1788.174    -1813.779       25.605   396.2
53.2000       -1788.155    -1812.668       24.513   379.3
53.4000       -1788.134    -1813.830       25.696   397.6
53.6000       -1788.115    -1813.731       25.617   396.4
53.8000       -1788.095    -1813.663       25.568   395.6
54.0000       -1788.072    -1812.248       24.176   374.1
54.2000       -1788.054    -1813.588       25.533   395.1
54.4000       -1788.034    -1813.484       25.451   393.8
54.6000       -1788.014    -1813.151       25.137   388.9
54.8000       -1787.992    -1813.066       25.073   387.9
55.0000       -1787.971    -1812.881       24.910   385.4
55.2000       -1787.951    -1813.706       25.755   398.5
55.4000       -1787.932    -1813.335       25.403   393.1
55.6000       -1787.911    -1813.789       25.877   400.4
55.8000       -1787.891    -1813.246       25.355   392.3
56.0000       -1787.869    -1812.230       24.361   376.9
56.2000       -1787.850    -1812.878       25.028   387.3
56.4000       -1787.829    -1813.712       25.883   400.5
56.6000       -1787.809    -1813.028       25.219   390.2
56.8000       -1787.790    -1813.428       25.638   396.7
57.0000       -1787.768    -1813.234       25.466   394.0
57.2000       -1787.749    -1813.001       25.252   390.7
57.4000       -1787.728    -1813.770       26.041   402.9
57.6000       -1787.709    -1813.031       25.323   391.8
57.8000       -1787.688    -1813.473       25.785   399.0
58.0000       -1787.668    -1812.851       25.183   389.6
58.2000       -1787.647    -1812.780       25.133   388.9
58.4000       -1787.628    -1812.878       25.250   390.7
58.6000       -1787.609    -1815.165       27.557   426.4
58.8000       -1787.586    -1812.298       24.712   382.4
59.0000       -1787.567    -1813.295       25.729   398.1
59.2000       -1787.545    -1813.042       25.497   394.5
59.4000       -1787.525    -1812.669       25.143   389.0
59.6000       -1787.505    -1812.239       24.734   382.7
59.8000       -1787.485    -1812.620       25.134   388.9
60.0000       -1787.465    -1812.792       25.327   391.9
60.2000       -1787.446    -1813.397       25.951   401.5
60.4000       -1787.424    -1812.971       25.547   395.3
60.6000       -1787.405    -1813.092       25.687   397.4
60.8000       -1787.384    -1812.954       25.570   395.6
61.0000       -1787.365    -1813.159       25.795   399.1
61.2000       -1787.345    -1812.954       25.609   396.2
61.4000       -1787.325    -1812.647       25.322   391.8
61.6000       -1787.304    -1813.073       25.770   398.7
61.8000       -1787.285    -1813.814       26.529   410.5
62.0000       -1787.265    -1814.086       26.821   415.0
62.2000       -1787.246    -1812.953       25.708   397.8
62.4000       -1787.226    -1814.131       26.906   416.3
62.6000       -1787.204    -1812.993       25.789   399.0
62.8000       -1787.183    -1812.658       25.475   394.2
63.0000       -1787.163    -1812.403       25.240   390.5
63.2000       -1787.143    -1813.630       26.487   409.8
63.4000       -1787.124    -1813.154       26.029   402.7
63.6000       -1787.102    -1814.080       26.977   417.4
63.8000       -1787.080    -1812.727       25.646   396.8
64.0000       -1787.062    -1813.401       26.339   407.5
64.2000       -1787.042    -1812.820       25.778   398.9
64.4000       -1787.022    -1813.452       26.430   408.9
64.6000       -1787.000    -1812.353       25.353   392.3
64.8000       -1786.980    -1812.162       25.182   389.6
65.0000       -1786.959    -1812.584       25.625   396.5
65.2000       -1786.939    -1812.328       25.389   392.8
65.4000       -1786.918    -1813.187       26.269   406.5
65.6000       -1786.899    -1812.845       25.946   401.5
65.8000       -1786.879    -1813.516       26.637   412.1
66.0000       -1786.859    -1812.374       25.516   394.8
66.2000       -1786.840    -1813.816       26.976   417.4
66.4000       -1786.818    -1813.049       26.231   405.9
66.6000       -1786.800    -1813.574       26.774   414.3
66.8000       -1786.779    -1812.920       26.141   404.5
67.0000       -1786.759    -1812.533       25.774   398.8
67.2000       -1786.741    -1812.954       26.213   405.6
67.4000       -1786.720    -1813.038       26.317   407.2
67.6000       -1786.700    -1812.492       25.792   399.1
67.8000       -1786.679    -1813.203       26.523   410.4
68.0000       -1786.660    -1812.328       25.668   397.2
68.2000       -1786.640    -1813.039       26.398   408.5
68.4000       -1786.621    -1813.375       26.754   414.0
68.6000       -1786.601    -1813.279       26.678   412.8
68.8000       -1786.580    -1812.379       25.799   399.2
69.0000       -1786.561    -1813.841       27.280   422.1
69.2000       -1786.540    -1813.106       26.567   411.1
69.4000       -1786.519    -1813.183       26.663   412.6
69.6000       -1786.499    -1812.287       25.788   399.0
69.8000       -1786.479    -1812.212       25.734   398.2
70.0000       -1786.460    -1813.227       26.768   414.2
70.2000       -1786.440    -1812.835       26.395   408.4
70.4000       -1786.419    -1812.994       26.575   411.2
70.6000       -1786.399    -1812.957       26.558   410.9
70.8000       -1786.379    -1812.581       26.203   405.4
71.0000       -1786.359    -1813.488       27.129   419.8
71.2000       -1786.339    -1812.758       26.419   408.8
71.4000       -1786.319    -1813.822       27.502   425.5
71.6000       -1786.298    -1811.390       25.093   388.3
71.8000       -1786.278    -1813.004       26.726   413.5
72.0000       -1786.258    -1813.681       27.423   424.3
72.2000       -1786.238    -1812.947       26.709   413.3
72.4000       -1786.217    -1813.011       26.794   414.6
72.6000       -1786.196    -1812.697       26.501   410.0
72.8000       -1786.177    -1812.784       26.607   411.7
73.0000       -1786.158    -1813.431       27.273   422.0
73.2000       -1786.138    -1812.552       26.413   408.7
73.4000       -1786.118    -1812.613       26.494   409.9
73.6000       -1786.098    -1812.740       26.642   412.2
73.8000       -1786.079    -1811.610       25.531   395.0
74.0000       -1786.059    -1812.283       26.225   405.8
74.2000       -1786.039    -1812.957       26.918   416.5
74.4000       -1786.019    -1812.414       26.395   408.4
74.6000       -1785.999    -1811.888       25.889   400.6
74.8000       -1785.979    -1812.377       26.399   408.5
75.0000       -1785.961    -1813.351       27.390   423.8
75.2000       -1785.941    -1813.293       27.352   423.2
75.4000       -1785.922    -1813.729       27.807   430.3
75.6000       -1785.901    -1812.638       26.737   413.7
75.8000       -1785.879    -1812.233       26.354   407.8
76.0000       -1785.859    -1812.387       26.528   410.5
76.2000       -1785.840    -1812.773       26.933   416.7
76.4000       -1785.819    -1812.444       26.625   412.0
76.6000       -1785.799    -1812.925       27.126   419.7
76.8000       -1785.779    -1812.010       26.231   405.9
77.0000       -1785.759    -1813.434       27.675   428.2
77.2000       -1785.738    -1812.170       26.432   409.0
77.4000       -1785.717    -1812.054       26.337   407.5
77.6000       -1785.698    -1811.982       26.284   406.7
77.8000       -1785.678    -1812.844       27.165   420.3
78.0000       -1785.658    -1812.116       26.458   409.4
78.2000       -1785.637    -1812.153       26.516   410.3
78.4000       -1785.617    -1811.423       25.807   399.3
78.6000       -1785.599    -1812.873       27.275   422.0
78.8000       -1785.577    -1812.048       26.471   409.6
79.0000       -1785.559    -1812.491       26.932   416.7
79.2000       -1785.537    -1812.047       26.510   410.2
79.4000       -1785.519    -1813.160       27.642   427.7
79.6000       -1785.498    -1812.904       27.406   424.0
79.8000       -1785.478    -1812.080       26.603   411.6
80.0000       -1785.459    -1813.038       27.579   426.7
80.2000       -1785.438    -1811.894       26.455   409.3
80.4000       -1785.419    -1812.773       27.354   423.2
80.6000       -1785.397    -1811.716       26.318   407.2
80.8000       -1785.377    -1811.060       25.683   397.4
81.0000       -1785.359    -1813.719       28.360   438.8
81.2000       -1785.338    -1811.981       26.643   412.2
81.4000       -1785.318    -1813.089       27.770   429.7
81.6000       -1785.298    -1812.624       27.327   422.8
81.8000       -1785.277    -1810.537       25.261   390.9
82.0000       -1785.258    -1812.289       27.031   418.2
82.2000       -1785.238    -1812.983       27.745   429.3
82.4000       -1785.217    -1811.532       26.315   407.2
82.6000       -1785.196    -1811.644       26.448   409.2
82.8000       -1785.176    -1811.382       26.206   405.5
83.0000       -1785.157    -1811.687       26.530   410.5
83.2000       -1785.136    -1810.119       24.983   386.6
83.4000       -1785.117    -1811.714       26.597   411.5
83.6000       -1785.098    -1812.780       27.682   428.3
83.8000       -1785.077    -1812.748       27.670   428.1
84.0000       -1785.056    -1811.157       26.101   403.9
84.2000       -1785.036    -1811.168       26.132   404.3
84.4000       -1785.018    -1812.258       27.240   421.5
84.6000       -1784.996    -1811.578       26.583   411.3
84.8000       -1784.976    -1811.448       26.472   409.6
85.0000       -1784.958    -1811.726       26.768   414.2
85.2000       -1784.937    -1811.589       26.652   412.4
85.4000       -1784.920    -1813.203       28.283   437.6
85.6000       -1784.896    -1811.600       26.704   413.2
85.8000       -1784.877    -1811.656       26.779   414.3
86.0000       -1784.858    -1811.261       26.404   408.5
86.2000       -1784.838    -1812.792       27.953   432.5
86.4000       -1784.817    -1812.691       27.873   431.3
86.6000       -1784.797    -1810.592       25.795   399.1
86.8000       -1784.779    -1813.121       28.342   438.5
87.0000       -1784.758    -1811.209       26.451   409.3
87.2000       -1784.737    -1811.711       26.974   417.4
87.4000       -1784.719    -1811.868       27.150   420.1
87.6000       -1784.700    -1812.914       28.214   436.5
87.8000       -1784.678    -1811.379       26.700   413.1
88.0000       -1784.660    -1812.579       27.918   432.0
88.2000       -1784.642    -1812.379       27.736   429.2
88.4000       -1784.623    -1812.284       27.661   428.0
88.6000       -1784.603    -1812.791       28.188   436.1
88.8000       -1784.580    -1811.596       27.015   418.0
89.0000       -1784.562    -1812.876       28.314   438.1
89.2000       -1784.543    -1812.183       27.640   427.7
89.4000       -1784.523    -1811.769       27.245   421.6
89.6000       -1784.504    -1812.125       27.621   427.4
89.8000       -1784.484    -1811.545       27.061   418.7
90.0000       -1784.464    -1812.514       28.050   434.0
90.2000       -1784.443    -1811.197       26.754   414.0
90.4000       -1784.424    -1811.806       27.382   423.7
90.6000       -1784.405    -1812.820       28.415   439.6
90.8000       -1784.384    -1812.078       27.694   428.5
91.0000       -1784.362    -1810.887       26.525   410.4
91.2000       -1784.343    -1811.596       27.252   421.7
91.4000       -1784.325    -1812.382       28.057   434.1
91.6000       -1784.304    -1812.472       28.168   435.8
91.8000       -1784.285    -1812.354       28.069   434.3
92.0000       -1784.264    -1812.364       28.101   434.8
92.2000       -1784.242    -1811.248       27.006   417.9
92.4000       -1784.223    -1810.991       26.768   414.2
92.6000       -1784.202    -1811.370       27.168   420.4
92.8000       -1784.184    -1810.928       26.744   413.8
93.0000       -1784.163    -1812.218       28.055   434.1
93.2000       -1784.143    -1811.516       27.373   423.5
93.4000       -1784.124    -1811.402       27.278   422.1
93.6000       -1784.104    -1811.373       27.269   421.9
93.8000       -1784.083    -1811.278       27.195   420.8
94.0000       -1784.065    -1811.743       27.679   428.3
94.2000       -1784.045    -1811.250       27.206   420.9
94.4000       -1784.024    -1811.504       27.480   425.2
94.6000       -1784.004    -1812.071       28.067   434.3
94.8000       -1783.985    -1811.579       27.594   427.0
95.0000       -1783.965    -1811.221       27.256   421.7
95.2000       -1783.945    -1811.453       27.508   425.6
95.4000       -1783.924    -1811.111       27.187   420.7
95.6000       -1783.906    -1811.820       27.914   431.9
95.8000       -1783.886    -1811.680       27.794   430.0
96.0000       -1783.867    -1811.509       27.642   427.7
96.2000       -1783.846    -1811.307       27.461   424.9
96.4000       -1783.828    -1811.701       27.873   431.3
96.6000       -1783.809    -1812.318       28.509   441.1
96.8000       -1783.789    -1811.872       28.083   434.5
97.0000       -1783.769    -1811.096       27.327   422.8
97.2000       -1783.747    -1810.719       26.972   417.3
97.4000       -1783.730    -1812.273       28.543   441.6
97.6000       -1783.709    -1812.236       28.526   441.4
97.8000       -1783.690    -1812.550       28.860   446.5
98.0000       -1783.671    -1812.144       28.473   440.6
98.2000       -1783.651    -1811.810       28.159   435.7
98.4000       -1783.631    -1811.136       27.504   425.6
98.6000       -1783.613    -1811.901       28.289   437.7
98.8000       -1783.593    -1811.518       27.925   432.1
99.0000       -1783.573    -1811.864       28.290   437.7
99.2000       -1783.553    -1811.650       28.097   434.7
99.4000       -1783.532    -1811.754       28.222   436.7
99.6000       -1783.513    -1811.474       27.960   432.6
99.8000       -1783.494    -1811.290       27.796   430.1
100.0000      -1783.475    -1811.404       27.929   432.1
100.2000      -1783.454    -1811.304       27.850   430.9
100.4000      -1783.435    -1811.217       27.782   429.9
100.6000      -1783.413    -1810.790       27.377   423.6
100.8000      -1783.394    -1811.266       27.871   431.2
101.0000      -1783.375    -1811.427       28.053   434.1
101.2000      -1783.355    -1810.749       27.394   423.9
101.4000      -1783.334    -1810.543       27.209   421.0
101.6000      -1783.315    -1811.729       28.414   439.6
101.8000      -1783.294    -1810.774       27.480   425.2
102.0000      -1783.276    -1811.151       27.875   431.3
102.2000      -1783.255    -1811.200       27.945   432.4
102.4000      -1783.236    -1812.298       29.062   449.7
102.6000      -1783.217    -1811.418       28.201   436.3
102.8000      -1783.195    -1810.661       27.466   425.0
103.0000      -1783.177    -1812.088       28.912   447.3
103.2000      -1783.157    -1812.418       29.260   452.7
103.4000      -1783.138    -1811.229       28.091   434.6
103.6000      -1783.118    -1810.078       26.961   417.2
103.8000      -1783.098    -1811.151       28.053   434.1
104.0000      -1783.079    -1811.156       28.076   434.4
104.2000      -1783.058    -1811.350       28.291   437.7
104.4000      -1783.037    -1810.122       27.085   419.1
104.6000      -1783.021    -1811.846       28.825   446.0
104.8000      -1783.001    -1812.624       29.623   458.3
105.0000      -1782.981    -1812.471       29.490   456.3
105.2000      -1782.960    -1811.193       28.233   436.8
105.4000      -1782.941    -1811.231       28.290   437.7
105.6000      -1782.920    -1810.728       27.807   430.3
105.8000      -1782.901    -1811.464       28.563   441.9
106.0000      -1782.881    -1811.103       28.221   436.7
106.2000      -1782.863    -1812.459       29.596   457.9
106.4000      -1782.842    -1810.583       27.741   429.2
106.6000      -1782.822    -1811.153       28.330   438.3
106.8000      -1782.806    -1812.063       29.257   452.7
107.0000      -1782.783    -1809.849       27.066   418.8
107.2000      -1782.767    -1811.634       28.867   446.7
107.4000      -1782.745    -1810.939       28.194   436.2
107.6000      -1782.727    -1811.875       29.148   451.0
107.8000      -1782.707    -1811.067       28.360   438.8
108.0000      -1782.687    -1811.075       28.388   439.2
108.2000      -1782.669    -1811.567       28.898   447.1
108.4000      -1782.648    -1810.218       27.570   426.6
108.6000      -1782.629    -1810.936       28.307   438.0
108.8000      -1782.609    -1810.567       27.958   432.6
109.0000      -1782.591    -1812.006       29.415   455.1
109.2000      -1782.571    -1810.702       28.131   435.3
109.4000      -1782.552    -1811.144       28.591   442.4
109.6000      -1782.532    -1810.988       28.456   440.3
109.8000      -1782.513    -1810.679       28.166   435.8
110.0000      -1782.493    -1810.859       28.367   438.9
110.2000      -1782.473    -1811.860       29.387   454.7
110.4000      -1782.453    -1810.280       27.827   430.6
110.6000      -1782.435    -1811.610       29.175   451.4
110.8000      -1782.414    -1811.273       28.859   446.5
111.0000      -1782.394    -1810.334       27.939   432.3
111.2000      -1782.375    -1811.165       28.790   445.5
111.4000      -1782.357    -1811.379       29.022   449.1
111.6000      -1782.337    -1810.819       28.481   440.7
111.8000      -1782.318    -1810.059       27.741   429.2
112.0000      -1782.297    -1811.568       29.271   452.9
112.2000      -1782.276    -1809.488       27.212   421.0
112.4000      -1782.258    -1811.462       29.204   451.9
112.6000      -1782.238    -1809.957       27.719   428.9
112.8000      -1782.219    -1810.019       27.800   430.1
113.0000      -1782.200    -1811.512       29.312   453.5
113.2000      -1782.178    -1810.409       28.231   436.8
113.4000      -1782.160    -1810.955       28.795   445.5
113.6000      -1782.140    -1812.167       30.027   464.6
113.8000      -1782.121    -1811.333       29.213   452.0
114.0000      -1782.102    -1810.766       28.663   443.5
114.2000      -1782.082    -1810.269       28.187   436.1
114.4000      -1782.064    -1812.547       30.483   471.7
114.6000      -1782.041    -1810.753       28.712   444.2
114.8000      -1782.022    -1811.176       29.153   451.1
115.0000      -1782.003    -1811.310       29.307   453.5
115.2000      -1781.983    -1811.337       29.354   454.2
115.4000      -1781.964    -1810.267       28.303   437.9
115.6000      -1781.947    -1811.172       29.225   452.2
115.8000      -1781.926    -1810.360       28.434   440.0
116.0000      -1781.907    -1810.296       28.388   439.2
116.2000      -1781.886    -1809.528       27.642   427.7
116.4000      -1781.870    -1811.015       29.144   450.9
116.6000      -1781.852    -1812.032       30.181   467.0
116.8000      -1781.830    -1810.380       28.550   441.7
117.0000      -1781.811    -1811.243       29.433   455.4
117.2000      -1781.791    -1811.274       29.483   456.2
117.4000      -1781.771    -1810.739       28.968   448.2
117.6000      -1781.752    -1811.333       29.581   457.7
117.8000      -1781.734    -1811.370       29.636   458.5
118.0000      -1781.713    -1810.397       28.684   443.8
118.2000      -1781.695    -1811.385       29.690   459.4
118.4000      -1781.676    -1811.567       29.891   462.5
118.6000      -1781.654    -1811.042       29.388   454.7
118.8000      -1781.634    -1810.920       29.285   453.1
119.0000      -1781.616    -1810.576       28.960   448.1
119.2000      -1781.596    -1810.410       28.814   445.8
119.4000      -1781.577    -1810.307       28.730   444.5
119.6000      -1781.560    -1811.023       29.462   455.9
119.8000      -1781.538    -1810.306       28.768   445.1
120.0000      -1781.520    -1811.026       29.506   456.5
120.2000      -1781.502    -1812.169       30.668   474.5
120.4000      -1781.483    -1810.896       29.413   455.1
120.6000      -1781.461    -1810.081       28.620   442.8
120.8000      -1781.442    -1810.283       28.841   446.3
121.0000      -1781.424    -1811.539       30.115   466.0
121.2000      -1781.403    -1810.610       29.207   451.9
121.4000      -1781.384    -1810.382       28.999   448.7
121.6000      -1781.363    -1810.580       29.217   452.1
121.8000      -1781.346    -1811.737       30.391   470.2
122.0000      -1781.326    -1809.459       28.133   435.3
122.2000      -1781.307    -1811.500       30.193   467.2
122.4000      -1781.285    -1809.740       28.455   440.3
122.6000      -1781.265    -1810.413       29.148   451.0
122.8000      -1781.249    -1811.030       29.781   460.8
123.0000      -1781.229    -1810.703       29.474   456.0
123.2000      -1781.208    -1809.475       28.267   437.4
123.4000      -1781.187    -1809.437       28.250   437.1
123.6000      -1781.170    -1810.204       29.034   449.2
123.8000      -1781.149    -1810.803       29.654   458.8
124.0000      -1781.130    -1810.296       29.166   451.3
124.2000      -1781.110    -1810.139       29.029   449.2
124.4000      -1781.093    -1812.385       31.293   484.2
124.6000      -1781.072    -1811.016       29.944   463.3
124.8000      -1781.053    -1811.147       30.094   465.6
125.0000      -1781.034    -1810.577       29.543   457.1
125.2000      -1781.013    -1810.635       29.622   458.3
125.4000      -1780.993    -1809.445       28.452   440.2
125.6000      -1780.975    -1810.314       29.338   453.9
125.8000      -1780.954    -1810.769       29.816   461.3
126.0000      -1780.933    -1809.626       28.693   444.0
126.2000      -1780.918    -1810.265       29.348   454.1
126.4000      -1780.898    -1810.669       29.771   460.6
126.6000      -1780.877    -1809.937       29.060   449.6
126.8000      -1780.858    -1810.597       29.739   460.1
127.0000      -1780.840    -1810.818       29.978   463.8
127.2000      -1780.821    -1810.027       29.206   451.9
127.4000      -1780.799    -1810.649       29.849   461.8
127.6000      -1780.779    -1809.637       28.858   446.5
127.8000      -1780.760    -1809.996       29.236   452.4
128.0000      -1780.743    -1811.476       30.734   475.5
128.2000      -1780.722    -1810.113       29.391   454.8
128.4000      -1780.703    -1810.328       29.624   458.4
128.6000      -1780.683    -1810.278       29.596   457.9
128.8000      -1780.662    -1808.728       28.067   434.3
129.0000      -1780.646    -1810.420       29.774   460.7
129.2000      -1780.626    -1810.409       29.782   460.8
129.4000      -1780.604    -1809.499       28.895   447.1
129.6000      -1780.588    -1810.334       29.746   460.3
129.8000      -1780.567    -1809.572       29.005   448.8
130.0000      -1780.549    -1810.316       29.767   460.6
130.2000      -1780.529    -1810.653       30.124   466.1
130.4000      -1780.511    -1809.598       29.087   450.1
130.6000      -1780.492    -1810.044       29.552   457.2
130.8000      -1780.471    -1809.914       29.442   455.6
131.0000      -1780.450    -1809.892       29.442   455.5
131.2000      -1780.432    -1810.253       29.821   461.4
131.4000      -1780.410    -1810.370       29.961   463.6
131.6000      -1780.394    -1811.414       31.019   480.0
131.8000      -1780.372    -1808.966       28.594   442.4
132.0000      -1780.355    -1810.755       30.400   470.4
132.2000      -1780.335    -1810.232       29.897   462.6
132.4000      -1780.315    -1810.405       30.090   465.6
132.6000      -1780.296    -1809.555       29.258   452.7
132.8000      -1780.277    -1809.731       29.454   455.7
133.0000      -1780.258    -1811.040       30.781   476.3
133.2000      -1780.238    -1810.267       30.029   464.6
133.4000      -1780.218    -1808.934       28.716   444.3
133.6000      -1780.201    -1811.607       31.407   485.9
133.8000      -1780.180    -1809.886       29.706   459.6
134.0000      -1780.163    -1810.802       30.640   474.1
134.2000      -1780.143    -1809.967       29.824   461.5
134.4000      -1780.120    -1809.141       29.021   449.0
134.6000      -1780.101    -1809.858       29.757   460.4
134.8000      -1780.085    -1811.431       31.345   485.0
135.0000      -1780.065    -1810.473       30.408   470.5
135.2000      -1780.046    -1811.143       31.097   481.2
135.4000      -1780.025    -1810.574       30.548   472.7
135.6000      -1780.007    -1809.876       29.869   462.2
135.8000      -1779.987    -1809.007       29.020   449.0
136.0000      -1779.969    -1809.809       29.840   461.7
136.2000      -1779.948    -1810.579       30.631   473.9
136.4000      -1779.929    -1810.505       30.576   473.1
136.6000      -1779.908    -1810.763       30.854   477.4
136.8000      -1779.887    -1809.646       29.758   460.4
137.0000      -1779.869    -1808.609       28.741   444.7
137.2000      -1779.850    -1809.692       29.842   461.7
137.4000      -1779.831    -1809.291       29.460   455.8
137.6000      -1779.811    -1809.149       29.338   453.9
137.8000      -1779.793    -1810.422       30.629   473.9
138.0000      -1779.774    -1810.347       30.573   473.0
138.2000      -1779.753    -1809.247       29.494   456.4
138.4000      -1779.735    -1810.772       31.037   480.2
138.6000      -1779.716    -1810.029       30.313   469.0
138.8000      -1779.696    -1810.726       31.030   480.1
139.0000      -1779.675    -1810.076       30.401   470.4
139.2000      -1779.656    -1809.025       29.368   454.4
139.4000      -1779.637    -1811.183       31.546   488.1
139.6000      -1779.618    -1809.830       30.212   467.5
139.8000      -1779.599    -1809.541       29.942   463.3
140.0000      -1779.581    -1809.900       30.318   469.1
140.2000      -1779.561    -1809.435       29.874   462.2
140.4000      -1779.544    -1811.961       32.417   501.6
140.6000      -1779.522    -1807.707       28.185   436.1
140.8000      -1779.505    -1810.118       30.614   473.7
141.0000      -1779.484    -1809.529       30.045   464.9
141.2000      -1779.465    -1809.122       29.657   458.9
141.4000      -1779.447    -1810.532       31.084   481.0
141.6000      -1779.427    -1808.473       29.046   449.4
141.8000      -1779.406    -1809.094       29.688   459.3
142.0000      -1779.392    -1810.345       30.953   478.9
142.2000      -1779.372    -1809.765       30.393   470.3
142.4000      -1779.353    -1810.248       30.895   478.0
142.6000      -1779.336    -1810.205       30.869   477.6
142.8000      -1779.317    -1811.268       31.950   494.4
143.0000      -1779.296    -1809.345       30.049   464.9
143.2000      -1779.279    -1809.669       30.390   470.2
143.4000      -1779.261    -1810.227       30.966   479.1
143.6000      -1779.240    -1808.902       29.662   459.0
143.8000      -1779.220    -1809.978       30.758   475.9
144.0000      -1779.202    -1809.183       29.981   463.9
144.2000      -1779.182    -1808.526       29.345   454.0
144.4000      -1779.163    -1809.472       30.309   469.0
144.6000      -1779.145    -1809.809       30.664   474.5
144.8000      -1779.124    -1808.801       29.677   459.2
145.0000      -1779.104    -1809.226       30.122   466.1
145.2000      -1779.085    -1808.948       29.862   462.1
145.4000      -1779.069    -1809.107       30.038   464.8
145.6000      -1779.050    -1809.387       30.338   469.4
145.8000      -1779.030    -1809.162       30.133   466.2
146.0000      -1779.009    -1809.784       30.775   476.2
146.2000      -1778.990    -1809.044       30.053   465.0
146.4000      -1778.972    -1809.212       30.240   467.9
146.6000      -1778.955    -1810.755       31.800   492.0
146.8000      -1778.935    -1810.633       31.698   490.5
147.0000      -1778.916    -1809.489       30.573   473.0
147.2000      -1778.897    -1810.001       31.103   481.2
147.4000      -1778.877    -1809.540       30.663   474.4
147.6000      -1778.857    -1809.831       30.974   479.3
147.8000      -1778.840    -1809.280       30.440   471.0
148.0000      -1778.819    -1807.786       28.968   448.2
148.2000      -1778.801    -1809.792       30.991   479.5
148.4000      -1778.782    -1809.750       30.967   479.1
148.6000      -1778.764    -1810.505       31.741   491.1
148.8000      -1778.742    -1808.989       30.247   468.0
149.0000      -1778.724    -1808.212       29.487   456.2
149.2000      -1778.708    -1810.438       31.731   491.0
149.4000      -1778.688    -1810.107       31.419   486.1
149.6000      -1778.667    -1808.354       29.687   459.3
149.8000      -1778.647    -1808.199       29.553   457.3
150.0000      -1778.629    -1809.866       31.237   483.3
150.2000      -1778.610    -1808.431       29.821   461.4
150.4000      -1778.592    -1809.775       31.184   482.5
150.6000      -1778.573    -1808.985       30.411   470.5
150.8000      -1778.554    -1809.141       30.587   473.3
151.0000      -1778.536    -1809.454       30.918   478.4
151.2000      -1778.516    -1808.775       30.259   468.2
151.4000      -1778.497    -1809.119       30.622   473.8
151.6000      -1778.477    -1808.697       30.219   467.6
151.8000      -1778.459    -1808.569       30.110   465.9
152.0000      -1778.441    -1809.902       31.460   486.8
152.2000      -1778.422    -1809.467       31.045   480.4
152.4000      -1778.402    -1809.779       31.376   485.5
152.6000      -1778.383    -1809.478       31.094   481.1
152.8000      -1778.362    -1808.919       30.557   472.8
153.0000      -1778.343    -1808.312       29.969   463.7
153.2000      -1778.327    -1809.823       31.496   487.3
153.4000      -1778.307    -1810.241       31.934   494.1
153.6000      -1778.288    -1809.330       31.042   480.3
153.8000      -1778.269    -1809.027       30.759   475.9
154.0000      -1778.250    -1809.540       31.289   484.1
154.2000      -1778.230    -1809.625       31.395   485.8
154.4000      -1778.211    -1809.026       30.816   476.8
154.6000      -1778.191    -1808.823       30.631   473.9
154.8000      -1778.173    -1808.097       29.924   463.0
155.0000      -1778.151    -1808.863       30.711   475.2
155.2000      -1778.133    -1808.273       30.139   466.3
155.4000      -1778.114    -1809.358       31.244   483.4
155.6000      -1778.096    -1809.069       30.973   479.2
155.8000      -1778.077    -1809.900       31.823   492.4
156.0000      -1778.056    -1809.308       31.252   483.5
156.2000      -1778.037    -1808.837       30.800   476.6
156.4000      -1778.019    -1808.679       30.660   474.4
156.6000      -1777.999    -1809.845       31.846   492.7
156.8000      -1777.979    -1809.235       31.257   483.6
157.0000      -1777.963    -1810.812       32.849   508.3
157.2000      -1777.941    -1809.281       31.340   484.9
157.4000      -1777.922    -1809.695       31.773   491.6
157.6000      -1777.906    -1810.324       32.418   501.6
157.8000      -1777.885    -1808.687       30.802   476.6
158.0000      -1777.866    -1809.018       31.152   482.0
158.2000      -1777.848    -1809.891       32.042   495.8
158.4000      -1777.828    -1808.178       30.350   469.6
158.6000      -1777.806    -1807.845       30.038   464.8
158.8000      -1777.789    -1808.819       31.029   480.1
159.0000      -1777.773    -1808.804       31.031   480.1
159.2000      -1777.750    -1808.681       30.930   478.6
159.4000      -1777.734    -1809.499       31.765   491.5
159.6000      -1777.717    -1808.912       31.195   482.7
159.8000      -1777.698    -1811.165       33.468   517.8
160.0000      -1777.676    -1808.216       30.540   472.5
160.2000      -1777.661    -1810.349       32.689   505.8
160.4000      -1777.641    -1810.288       32.647   505.1
160.6000      -1777.621    -1809.788       32.167   497.7
160.8000      -1777.603    -1808.797       31.194   482.7
161.0000      -1777.583    -1809.454       31.872   493.1
161.2000      -1777.565    -1810.237       32.672   505.5
161.4000      -1777.544    -1808.078       30.534   472.4
161.6000      -1777.527    -1809.078       31.551   488.2
161.8000      -1777.506    -1808.147       30.641   474.1
162.0000      -1777.490    -1809.464       31.974   494.7
162.2000      -1777.470    -1808.672       31.203   482.8
162.4000      -1777.451    -1808.711       31.260   483.7
162.6000      -1777.433    -1808.395       30.962   479.1
162.8000      -1777.412    -1807.899       30.486   471.7
163.0000      -1777.395    -1809.238       31.843   492.7
163.2000      -1777.376    -1808.686       31.310   484.4
163.4000      -1777.356    -1810.191       32.835   508.1
163.6000      -1777.337    -1808.079       30.742   475.7
163.8000      -1777.315    -1808.362       31.047   480.4
164.0000      -1777.297    -1809.177       31.880   493.3
164.2000      -1777.279    -1808.817       31.538   488.0
164.4000      -1777.259    -1808.970       31.711   490.6
164.6000      -1777.239    -1806.911       29.672   459.1
164.8000      -1777.222    -1808.771       31.549   488.1
165.0000      -1777.205    -1808.917       31.712   490.7
165.2000      -1777.185    -1809.397       32.212   498.4
165.4000      -1777.167    -1809.388       32.221   498.5
165.6000      -1777.147    -1810.229       33.082   511.9
165.8000      -1777.128    -1807.714       30.586   473.3
166.0000      -1777.111    -1809.134       32.024   495.5
166.2000      -1777.090    -1808.653       31.564   488.4
166.4000      -1777.070    -1808.988       31.918   493.9
166.6000      -1777.049    -1808.288       31.239   483.4
166.8000      -1777.032    -1808.937       31.905   493.7
167.0000      -1777.012    -1807.693       30.680   474.7
167.2000      -1776.996    -1809.885       32.889   508.9
167.4000      -1776.976    -1810.022       33.046   511.3
167.6000      -1776.956    -1808.138       31.182   482.5
167.8000      -1776.939    -1808.523       31.584   488.7
168.0000      -1776.917    -1808.197       31.279   484.0
168.2000      -1776.900    -1808.249       31.349   485.1
168.4000      -1776.883    -1809.179       32.296   499.7
168.6000      -1776.864    -1808.715       31.851   492.8
168.8000      -1776.843    -1807.785       30.941   478.7
169.0000      -1776.824    -1807.899       31.074   480.8
169.2000      -1776.805    -1807.998       31.193   482.6
169.4000      -1776.786    -1808.282       31.496   487.3
169.6000      -1776.767    -1807.862       31.095   481.1
169.8000      -1776.749    -1808.971       32.222   498.6
170.0000      -1776.729    -1808.601       31.872   493.1
170.2000      -1776.712    -1808.505       31.793   491.9
170.4000      -1776.694    -1809.349       32.655   505.3
170.6000      -1776.674    -1809.467       32.793   507.4
170.8000      -1776.655    -1808.884       32.229   498.7
171.0000      -1776.637    -1808.149       31.512   487.6
171.2000      -1776.619    -1807.495       30.876   477.7
171.4000      -1776.600    -1809.312       32.712   506.1
171.6000      -1776.580    -1808.891       32.311   499.9
171.8000      -1776.562    -1808.017       31.456   486.7
172.0000      -1776.542    -1809.420       32.877   508.7
172.2000      -1776.525    -1808.016       31.492   487.3
172.4000      -1776.505    -1807.639       31.135   481.7
172.6000      -1776.489    -1808.244       31.755   491.3
172.8000      -1776.469    -1808.026       31.557   488.3
173.0000      -1776.450    -1808.048       31.599   488.9
173.2000      -1776.432    -1808.966       32.533   503.4
173.4000      -1776.415    -1807.734       31.320   484.6
173.6000      -1776.395    -1808.837       32.442   502.0
173.8000      -1776.378    -1809.834       33.456   517.7
174.0000      -1776.357    -1808.511       32.154   497.5
174.2000      -1776.338    -1808.319       31.981   494.8
174.4000      -1776.320    -1807.911       31.591   488.8
174.6000      -1776.300    -1809.694       33.393   516.7
174.8000      -1776.282    -1808.926       32.644   505.1
175.0000      -1776.262    -1810.011       33.749   522.2
175.2000      -1776.246    -1808.274       32.028   495.6
175.4000      -1776.225    -1807.907       31.682   490.2
175.6000      -1776.207    -1808.136       31.929   494.0
175.8000      -1776.188    -1807.449       31.261   483.7
176.0000      -1776.168    -1807.842       31.674   490.1
176.2000      -1776.151    -1807.744       31.593   488.8
176.4000      -1776.132    -1807.679       31.547   488.1
176.6000      -1776.114    -1808.240       32.127   497.1
176.8000      -1776.096    -1807.976       31.880   493.3
177.0000      -1776.077    -1808.583       32.506   503.0
177.2000      -1776.057    -1807.668       31.611   489.1
177.4000      -1776.039    -1808.499       32.461   502.3
177.6000      -1776.019    -1808.654       32.635   505.0
177.8000      -1775.999    -1807.455       31.456   486.7
178.0000      -1775.981    -1808.514       32.534   503.4
178.2000      -1775.961    -1808.086       32.125   497.1
178.4000      -1775.942    -1807.449       31.507   487.5
178.6000      -1775.924    -1807.726       31.802   492.1
178.8000      -1775.905    -1805.875       29.971   463.7
179.0000      -1775.888    -1809.199       33.311   515.4
179.2000      -1775.869    -1808.622       32.753   506.8
179.4000      -1775.851    -1808.130       32.278   499.4
179.6000      -1775.832    -1807.304       31.472   487.0
179.8000      -1775.815    -1810.053       34.239   529.8
180.0000      -1775.795    -1808.280       32.485   502.6
180.2000      -1775.776    -1808.128       32.352   500.6
180.4000      -1775.757    -1808.711       32.954   509.9
180.6000      -1775.739    -1807.845       32.106   496.8
180.8000      -1775.722    -1808.870       33.148   512.9
181.0000      -1775.702    -1808.219       32.517   503.1
181.2000      -1775.682    -1808.023       32.341   500.4
181.4000      -1775.664    -1808.452       32.788   507.3
181.6000      -1775.644    -1807.565       31.921   493.9
181.8000      -1775.626    -1807.079       31.453   486.7
182.0000      -1775.610    -1809.399       33.789   522.8
182.2000      -1775.588    -1807.539       31.951   494.4
182.4000      -1775.569    -1807.764       32.195   498.1
182.6000      -1775.550    -1807.055       31.505   487.5
182.8000      -1775.532    -1807.237       31.705   490.6
183.0000      -1775.515    -1806.828       31.314   484.5
183.2000      -1775.498    -1807.576       32.078   496.3
183.4000      -1775.477    -1808.336       32.859   508.4
183.6000      -1775.459    -1807.733       32.274   499.4
183.8000      -1775.440    -1808.836       33.396   516.7
184.0000      -1775.423    -1808.520       33.098   512.1
184.2000      -1775.403    -1808.788       33.385   516.6
184.4000      -1775.385    -1807.607       32.222   498.6
184.6000      -1775.364    -1808.034       32.670   505.5
184.8000      -1775.348    -1809.431       34.084   527.4
185.0000      -1775.328    -1808.838       33.510   518.5
185.2000      -1775.309    -1808.480       33.170   513.2
185.4000      -1775.289    -1808.335       33.046   511.3
185.6000      -1775.272    -1807.866       32.594   504.3
185.8000      -1775.253    -1807.418       32.165   497.7
186.0000      -1775.235    -1808.859       33.625   520.3
186.2000      -1775.216    -1808.734       33.518   518.6
186.4000      -1775.193    -1806.396       31.203   482.8
186.6000      -1775.178    -1807.871       32.693   505.9
186.8000      -1775.161    -1809.085       33.924   524.9
187.0000      -1775.140    -1807.376       32.236   498.8
187.2000      -1775.121    -1806.782       31.661   489.9
187.4000      -1775.102    -1806.693       31.591   488.8
187.6000      -1775.085    -1808.005       32.920   509.4
187.8000      -1775.068    -1808.100       33.032   511.1
188.0000      -1775.046    -1806.511       31.465   486.8
188.2000      -1775.032    -1807.960       32.928   509.5
188.4000      -1775.013    -1807.997       32.983   510.3
188.6000      -1774.993    -1807.872       32.879   508.7
188.8000      -1774.975    -1806.930       31.956   494.4
189.0000      -1774.957    -1807.709       32.752   506.8
189.2000      -1774.940    -1808.210       33.270   514.8
189.4000      -1774.919    -1807.487       32.568   503.9
189.6000      -1774.900    -1806.911       32.011   495.3
189.8000      -1774.886    -1807.306       32.421   501.6
190.0000      -1774.864    -1806.703       31.839   492.6
190.2000      -1774.845    -1806.922       32.077   496.3
190.4000      -1774.828    -1808.468       33.640   520.5
190.6000      -1774.810    -1806.828       32.018   495.4
190.8000      -1774.791    -1805.884       31.093   481.1
191.0000      -1774.774    -1807.172       32.398   501.3
191.2000      -1774.756    -1808.747       33.991   525.9
191.4000      -1774.736    -1807.077       32.340   500.4
191.6000      -1774.719    -1807.822       33.103   512.2
191.8000      -1774.700    -1807.447       32.747   506.7
192.0000      -1774.679    -1807.420       32.741   506.6
192.2000      -1774.663    -1806.648       31.986   494.9
192.4000      -1774.643    -1806.725       32.082   496.4
192.6000      -1774.625    -1807.428       32.803   507.5
192.8000      -1774.607    -1808.266       33.659   520.8
193.0000      -1774.588    -1807.274       32.685   505.7
193.2000      -1774.570    -1808.596       34.026   526.5
193.4000      -1774.551    -1807.197       32.646   505.1
193.6000      -1774.531    -1807.105       32.574   504.0
193.8000      -1774.513    -1807.335       32.822   507.8
194.0000      -1774.495    -1807.175       32.679   505.6
194.2000      -1774.478    -1808.712       34.234   529.7
194.4000      -1774.457    -1806.765       32.308   499.9
194.6000      -1774.441    -1807.470       33.028   511.0
194.8000      -1774.419    -1807.054       32.635   504.9
195.0000      -1774.403    -1806.896       32.493   502.8
195.2000      -1774.383    -1807.068       32.685   505.7
195.4000      -1774.362    -1806.168       31.806   492.1
195.6000      -1774.345    -1807.376       33.031   511.1
195.8000      -1774.324    -1807.264       32.940   509.7
196.0000      -1774.309    -1807.689       33.380   516.5
196.2000      -1774.287    -1807.472       33.184   513.4
196.4000      -1774.270    -1808.111       33.841   523.6
196.6000      -1774.251    -1807.322       33.071   511.7
196.8000      -1774.232    -1806.549       32.317   500.0
197.0000      -1774.214    -1806.933       32.719   506.3
197.2000      -1774.196    -1806.517       32.321   500.1
197.4000      -1774.178    -1807.181       33.003   510.6
197.6000      -1774.159    -1808.061       33.903   524.6
197.8000      -1774.143    -1806.156       32.013   495.3
198.0000      -1774.123    -1806.505       32.381   501.0
198.2000      -1774.105    -1807.154       33.050   511.4
198.4000      -1774.086    -1807.635       33.550   519.1
198.6000      -1774.068    -1807.924       33.856   523.8
198.8000      -1774.046    -1806.621       32.575   504.0
199.0000      -1774.031    -1807.116       33.085   511.9
199.2000      -1774.012    -1806.934       32.922   509.4
199.4000      -1773.994    -1807.732       33.738   522.0
199.6000      -1773.976    -1808.022       34.046   526.8
199.8000      -1773.954    -1806.669       32.715   506.2
200.0000      -1773.936    -1808.029       34.093   527.5
200.2000      -1773.917    -1808.207       34.289   530.5
200.4000      -1773.900    -1808.238       34.337   531.3
200.6000      -1773.883    -1808.017       34.134   528.1
200.8000      -1773.864    -1806.926       33.062   511.6
201.0000      -1773.845    -1807.569       33.724   521.8
201.2000      -1773.826    -1807.325       33.500   518.3
201.4000      -1773.806    -1807.047       33.241   514.3
201.6000      -1773.788    -1806.376       32.588   504.2
201.8000      -1773.769    -1807.548       33.779   522.7
202.0000      -1773.753    -1807.377       33.623   520.2
202.2000      -1773.732    -1806.647       32.916   509.3
202.4000      -1773.715    -1808.226       34.511   534.0
202.6000      -1773.695    -1807.225       33.530   518.8
202.8000      -1773.676    -1806.176       32.500   502.9
203.0000      -1773.657    -1807.231       33.575   519.5
203.2000      -1773.642    -1807.226       33.584   519.6
203.4000      -1773.622    -1806.312       32.690   505.8
203.6000      -1773.603    -1806.880       33.277   514.9
203.8000      -1773.585    -1807.244       33.659   520.8
204.0000      -1773.567    -1807.153       33.586   519.7
204.2000      -1773.547    -1807.860       34.313   530.9
204.4000      -1773.529    -1807.223       33.693   521.3
204.6000      -1773.511    -1806.464       32.953   509.9
204.8000      -1773.494    -1808.287       34.793   538.3
205.0000      -1773.475    -1806.929       33.454   517.6
205.2000      -1773.457    -1806.683       33.226   514.1
205.4000      -1773.439    -1806.300       32.861   508.5
205.6000      -1773.422    -1806.812       33.390   516.6
205.8000      -1773.406    -1808.040       34.634   535.9
206.0000      -1773.384    -1806.800       33.416   517.0
206.2000      -1773.363    -1806.288       32.925   509.4
206.4000      -1773.349    -1807.909       34.561   534.7
206.6000      -1773.330    -1808.234       34.904   540.1
206.8000      -1773.312    -1806.740       33.428   517.2
207.0000      -1773.292    -1806.282       32.990   510.5
207.2000      -1773.272    -1807.068       33.797   522.9
207.4000      -1773.252    -1806.743       33.491   518.2
207.6000      -1773.235    -1806.709       33.474   517.9
207.8000      -1773.216    -1806.519       33.303   515.3
208.0000      -1773.195    -1806.773       33.578   519.5
208.2000      -1773.180    -1807.778       34.598   535.3
208.4000      -1773.158    -1805.959       32.801   507.5
208.6000      -1773.139    -1806.845       33.706   521.5
208.8000      -1773.125    -1809.297       36.172   559.7
209.0000      -1773.105    -1806.426       33.321   515.6
209.2000      -1773.085    -1806.147       33.062   511.6
209.4000      -1773.068    -1806.755       33.688   521.2
209.6000      -1773.049    -1807.212       34.162   528.6
209.8000      -1773.032    -1807.396       34.364   531.7
210.0000      -1773.012    -1806.350       33.339   515.8
210.2000      -1772.995    -1807.234       34.239   529.8
210.4000      -1772.976    -1807.840       34.864   539.4
210.6000      -1772.959    -1806.912       33.953   525.3
210.8000      -1772.941    -1807.447       34.506   533.9
211.0000      -1772.924    -1806.685       33.762   522.4
211.2000      -1772.905    -1806.885       33.980   525.8
211.4000      -1772.884    -1805.624       32.740   506.6
211.6000      -1772.869    -1808.192       35.323   546.5
211.8000      -1772.848    -1806.063       33.216   513.9
212.0000      -1772.831    -1807.342       34.512   534.0
212.2000      -1772.810    -1805.813       33.004   510.7
212.4000      -1772.793    -1805.774       32.982   510.3
212.6000      -1772.773    -1806.933       34.160   528.5
212.8000      -1772.756    -1807.015       34.260   530.1
213.0000      -1772.739    -1807.741       35.002   541.6
213.2000      -1772.718    -1805.803       33.084   511.9
213.4000      -1772.701    -1805.668       32.967   510.1
213.6000      -1772.682    -1807.626       34.945   540.7
213.8000      -1772.664    -1808.179       35.514   549.5
214.0000      -1772.643    -1806.506       33.862   523.9
214.2000      -1772.629    -1806.304       33.675   521.0
214.4000      -1772.610    -1807.065       34.455   533.1
214.6000      -1772.593    -1807.432       34.840   539.1
214.8000      -1772.575    -1806.265       33.690   521.3
215.0000      -1772.558    -1807.270       34.712   537.1
215.2000      -1772.534    -1805.843       33.308   515.4
215.4000      -1772.520    -1806.587       34.068   527.1
215.6000      -1772.501    -1806.236       33.735   522.0
215.8000      -1772.483    -1805.620       33.137   512.7
216.0000      -1772.464    -1806.721       34.257   530.0
216.2000      -1772.446    -1807.997       35.551   550.1
216.4000      -1772.428    -1805.068       32.640   505.0
216.6000      -1772.407    -1806.519       34.112   527.8
216.8000      -1772.390    -1807.091       34.701   536.9
217.0000      -1772.372    -1806.602       34.230   529.6
217.2000      -1772.353    -1805.115       32.762   506.9
217.4000      -1772.337    -1807.893       35.556   550.2
217.6000      -1772.316    -1805.863       33.547   519.1
217.8000      -1772.300    -1807.247       34.948   540.7
218.0000      -1772.281    -1807.063       34.782   538.2
218.2000      -1772.261    -1805.499       33.238   514.3
218.4000      -1772.243    -1806.095       33.852   523.8
218.6000      -1772.229    -1806.744       34.515   534.0
218.8000      -1772.210    -1806.555       34.345   531.4
219.0000      -1772.192    -1808.415       36.224   560.5
219.2000      -1772.174    -1806.098       33.924   524.9
219.4000      -1772.154    -1806.051       33.896   524.5
219.6000      -1772.138    -1807.816       35.678   552.0
219.8000      -1772.121    -1808.097       35.976   556.6
220.0000      -1772.099    -1806.608       34.509   533.9
220.2000      -1772.082    -1806.852       34.770   538.0
220.4000      -1772.062    -1806.427       34.365   531.7
220.6000      -1772.044    -1806.071       34.028   526.5
220.8000      -1772.028    -1806.026       33.998   526.0
221.0000      -1772.013    -1806.688       34.675   536.5
221.2000      -1771.995    -1807.065       35.071   542.6
221.4000      -1771.976    -1808.133       36.157   559.5
221.6000      -1771.958    -1807.687       35.729   552.8
221.8000      -1771.937    -1806.450       34.513   534.0
222.0000      -1771.919    -1807.244       35.324   546.6
222.2000      -1771.900    -1806.806       34.906   540.1
222.4000      -1771.882    -1806.697       34.815   538.7
222.6000      -1771.863    -1806.705       34.842   539.1
222.8000      -1771.843    -1805.722       33.879   524.2
223.0000      -1771.825    -1805.144       33.319   515.5
223.2000      -1771.811    -1807.462       35.651   551.6
223.4000      -1771.791    -1806.701       34.910   540.2
223.6000      -1771.774    -1807.351       35.577   550.5
223.8000      -1771.754    -1804.775       33.021   510.9
224.0000      -1771.736    -1805.749       34.012   526.3
224.2000      -1771.717    -1805.799       34.081   527.3
224.4000      -1771.700    -1806.373       34.673   536.5
224.6000      -1771.682    -1806.542       34.860   539.4
224.8000      -1771.663    -1805.945       34.282   530.4
225.0000      -1771.647    -1806.475       34.828   538.9
225.2000      -1771.627    -1806.159       34.532   534.3
225.4000      -1771.611    -1806.902       35.291   546.1
225.6000      -1771.591    -1806.687       35.095   543.0
225.8000      -1771.573    -1806.237       34.664   536.3
226.0000      -1771.554    -1807.353       35.799   553.9
226.2000      -1771.538    -1807.154       35.616   551.1
226.4000      -1771.517    -1806.213       34.696   536.8
226.6000      -1771.500    -1805.529       34.029   526.5
226.8000      -1771.481    -1804.766       33.285   515.0
227.0000      -1771.463    -1807.375       35.912   555.7
227.2000      -1771.443    -1805.131       33.688   521.2
227.4000      -1771.425    -1805.276       33.851   523.8
227.6000      -1771.409    -1808.018       36.609   566.4
227.8000      -1771.389    -1805.308       33.919   524.8
228.0000      -1771.373    -1805.136       33.764   522.4
228.2000      -1771.352    -1805.347       33.994   526.0
228.4000      -1771.338    -1807.522       36.185   559.9
228.6000      -1771.317    -1805.107       33.790   522.8
228.8000      -1771.301    -1805.034       33.733   521.9
229.0000      -1771.283    -1806.751       35.469   548.8
229.2000      -1771.266    -1805.302       34.036   526.6
229.4000      -1771.244    -1805.126       33.882   524.2
229.6000      -1771.227    -1806.361       35.134   543.6
229.8000      -1771.210    -1807.274       36.064   558.0
230.0000      -1771.191    -1807.858       36.667   567.3
230.2000      -1771.174    -1805.938       34.763   537.9
230.4000      -1771.155    -1805.893       34.738   537.5
230.6000      -1771.140    -1805.708       34.569   534.9
230.8000      -1771.121    -1805.868       34.747   537.6
231.0000      -1771.100    -1805.299       34.199   529.2
231.2000      -1771.083    -1805.523       34.440   532.9
231.4000      -1771.065    -1806.581       35.516   549.5
231.6000      -1771.048    -1807.121       36.074   558.2
231.8000      -1771.029    -1807.845       36.816   569.6
232.0000      -1771.011    -1806.363       35.352   547.0
232.2000      -1770.993    -1806.459       35.465   548.7
232.4000      -1770.974    -1806.684       35.711   552.5
232.6000      -1770.954    -1805.746       34.792   538.3
232.8000      -1770.939    -1806.950       36.011   557.2
233.0000      -1770.917    -1805.431       34.514   534.0
233.2000      -1770.903    -1806.133       35.230   545.1
233.4000      -1770.885    -1805.814       34.929   540.5
233.6000      -1770.863    -1805.318       34.455   533.1
233.8000      -1770.851    -1806.750       35.899   555.5
234.0000      -1770.828    -1805.371       34.543   534.5
234.2000      -1770.808    -1805.910       35.102   543.1
234.4000      -1770.794    -1805.585       34.791   538.3
234.6000      -1770.773    -1805.911       35.138   543.7
234.8000      -1770.756    -1805.890       35.134   543.6
235.0000      -1770.737    -1805.000       34.263   530.1
235.2000      -1770.721    -1805.563       34.842   539.1
235.4000      -1770.699    -1804.466       33.767   522.5
235.6000      -1770.683    -1806.831       36.148   559.3
235.8000      -1770.664    -1804.297       33.633   520.4
236.0000      -1770.646    -1805.303       34.656   536.2
236.2000      -1770.629    -1805.888       35.259   545.6
236.4000      -1770.610    -1806.054       35.444   548.4
236.6000      -1770.591    -1806.503       35.912   555.7
236.8000      -1770.574    -1805.988       35.414   547.9
237.0000      -1770.556    -1806.187       35.631   551.3
237.2000      -1770.538    -1805.928       35.390   547.6
237.4000      -1770.516    -1804.323       33.807   523.1
237.6000      -1770.503    -1806.445       35.942   556.1
237.8000      -1770.485    -1806.399       35.914   555.7
238.0000      -1770.468    -1805.836       35.368   547.2
238.2000      -1770.446    -1805.548       35.102   543.1
238.4000      -1770.430    -1805.497       35.067   542.6
238.6000      -1770.411    -1805.709       35.299   546.2
238.8000      -1770.394    -1806.686       36.291   561.5
239.0000      -1770.374    -1804.772       34.399   532.2
239.2000      -1770.360    -1806.557       36.197   560.1
239.4000      -1770.340    -1804.752       34.412   532.4
239.6000      -1770.324    -1806.119       35.795   553.8
239.8000      -1770.302    -1805.314       35.012   541.7
240.0000      -1770.288    -1806.347       36.059   557.9
240.2000      -1770.267    -1804.562       34.295   530.6
240.4000      -1770.251    -1806.088       35.837   554.5
240.6000      -1770.230    -1804.189       33.959   525.4
240.8000      -1770.214    -1806.055       35.841   554.6
241.0000      -1770.195    -1806.823       36.628   566.7
241.2000      -1770.176    -1804.809       34.633   535.9
241.4000      -1770.159    -1805.511       35.352   547.0
241.6000      -1770.143    -1804.437       34.293   530.6
241.8000      -1770.128    -1806.005       35.876   555.1
242.0000      -1770.110    -1805.546       35.436   548.3
242.2000      -1770.092    -1805.476       35.383   547.5
242.4000      -1770.075    -1805.983       35.909   555.6
242.6000      -1770.059    -1804.932       34.873   539.6
242.8000      -1770.038    -1804.371       34.333   531.2
243.0000      -1770.023    -1805.683       35.660   551.8
243.2000      -1770.005    -1806.322       36.317   561.9
243.4000      -1769.984    -1805.644       35.660   551.8
243.6000      -1769.967    -1805.882       35.915   555.7
243.8000      -1769.951    -1805.140       35.190   544.5
244.0000      -1769.932    -1805.066       35.134   543.6
244.2000      -1769.913    -1806.317       36.404   563.3
244.4000      -1769.894    -1806.131       36.237   560.7
244.6000      -1769.876    -1804.902       35.026   541.9
244.8000      -1769.859    -1806.033       36.174   559.7
245.0000      -1769.839    -1805.621       35.782   553.6
245.2000      -1769.821    -1805.855       36.033   557.5
245.4000      -1769.806    -1806.710       36.904   571.0
245.6000      -1769.786    -1806.496       36.710   568.0
245.8000      -1769.766    -1806.522       36.756   568.7
246.0000      -1769.751    -1805.774       36.023   557.4
246.2000      -1769.732    -1805.457       35.725   552.8
246.4000      -1769.713    -1805.224       35.511   549.4
246.6000      -1769.695    -1805.375       35.680   552.1
246.8000      -1769.677    -1806.242       36.565   565.8
247.0000      -1769.661    -1803.928       34.268   530.2
247.2000      -1769.642    -1804.372       34.730   537.4
247.4000      -1769.626    -1805.583       35.957   556.4
247.6000      -1769.605    -1804.780       35.175   544.2
247.8000      -1769.588    -1806.000       36.412   563.4
248.0000      -1769.570    -1804.657       35.087   542.9
248.2000      -1769.554    -1805.588       36.034   557.5
248.4000      -1769.534    -1804.834       35.300   546.2
248.6000      -1769.515    -1804.680       35.165   544.1
248.8000      -1769.498    -1804.470       34.972   541.1
249.0000      -1769.484    -1804.440       34.957   540.9
249.2000      -1769.465    -1805.604       36.139   559.2
249.4000      -1769.447    -1805.000       35.554   550.1
249.6000      -1769.430    -1806.325       36.895   570.9
249.8000      -1769.413    -1805.732       36.319   561.9
250.0000      -1769.392    -1805.170       35.778   553.6
250.2000      -1769.373    -1806.725       37.352   577.9
250.4000      -1769.355    -1805.030       35.675   552.0
250.6000      -1769.338    -1805.361       36.023   557.4
250.8000      -1769.319    -1805.148       35.829   554.4
251.0000      -1769.302    -1805.722       36.420   563.5
251.2000      -1769.285    -1805.371       36.086   558.3
251.4000      -1769.267    -1805.042       35.775   553.5
251.6000      -1769.247    -1806.268       37.021   572.8
251.8000      -1769.230    -1805.858       36.628   566.7
252.0000      -1769.214    -1807.669       38.455   595.0
252.2000      -1769.191    -1804.639       35.448   548.5
252.4000      -1769.176    -1806.123       36.946   571.7
252.6000      -1769.157    -1805.078       35.921   555.8
252.8000      -1769.139    -1805.397       36.258   561.0
253.0000      -1769.121    -1805.817       36.695   567.8
253.2000      -1769.105    -1804.215       35.110   543.3
253.4000      -1769.085    -1805.513       36.427   563.6
253.6000      -1769.065    -1804.188       35.123   543.4
253.8000      -1769.052    -1805.788       36.736   568.4
254.0000      -1769.030    -1804.348       35.319   546.5
254.2000      -1769.015    -1806.426       37.411   578.8
254.4000      -1768.997    -1805.198       36.200   560.1
254.6000      -1768.978    -1804.078       35.101   543.1
254.8000      -1768.962    -1806.533       37.571   581.3
255.0000      -1768.944    -1805.723       36.779   569.1
255.2000      -1768.925    -1805.488       36.563   565.7
255.4000      -1768.908    -1804.753       35.845   554.6
255.6000      -1768.887    -1804.257       35.371   547.3
255.8000      -1768.871    -1805.333       36.461   564.2
256.0000      -1768.855    -1806.712       37.856   585.7
256.2000      -1768.838    -1803.977       35.139   543.7
256.4000      -1768.819    -1804.974       36.155   559.4
256.6000      -1768.804    -1805.399       36.595   566.2
256.8000      -1768.785    -1805.008       36.223   560.5
257.0000      -1768.767    -1804.306       35.539   549.9
257.2000      -1768.747    -1804.713       35.966   556.5
257.4000      -1768.729    -1804.599       35.870   555.0
257.6000      -1768.714    -1805.741       37.027   572.9
257.8000      -1768.694    -1804.095       35.401   547.7
258.0000      -1768.677    -1804.696       36.020   557.3
258.2000      -1768.660    -1806.247       37.587   581.6
258.4000      -1768.644    -1805.566       36.922   571.3
258.6000      -1768.627    -1805.534       36.907   571.1
258.8000      -1768.606    -1805.934       37.327   577.6
259.0000      -1768.588    -1804.816       36.229   560.6
259.2000      -1768.573    -1805.510       36.936   571.5
259.4000      -1768.553    -1804.200       35.647   551.6
259.6000      -1768.538    -1807.022       38.484   595.5
259.8000      -1768.518    -1803.467       34.950   540.8
260.0000      -1768.500    -1805.748       37.248   576.3
260.2000      -1768.484    -1803.865       35.381   547.4
260.4000      -1768.466    -1804.552       36.087   558.4
260.6000      -1768.449    -1805.094       36.645   567.0
260.8000      -1768.430    -1804.310       35.880   555.2
261.0000      -1768.412    -1804.408       35.996   557.0
261.2000      -1768.395    -1805.620       37.225   576.0
261.4000      -1768.374    -1804.461       36.087   558.4
261.6000      -1768.359    -1804.751       36.392   563.1
261.8000      -1768.341    -1803.966       35.624   551.2
262.0000      -1768.323    -1804.615       36.292   561.5
262.2000      -1768.307    -1804.394       36.086   558.4
262.4000      -1768.290    -1805.217       36.927   571.4
262.6000      -1768.270    -1804.126       35.856   554.8
262.8000      -1768.252    -1806.194       37.942   587.1
263.0000      -1768.232    -1804.499       36.267   561.1
263.2000      -1768.214    -1803.308       35.094   543.0
263.4000      -1768.196    -1804.764       36.567   565.8
263.6000      -1768.180    -1804.958       36.778   569.1
263.8000      -1768.162    -1804.540       36.378   562.9
264.0000      -1768.142    -1805.000       36.857   570.3
264.2000      -1768.128    -1805.375       37.247   576.3
264.4000      -1768.108    -1804.952       36.844   570.1
264.6000      -1768.091    -1804.692       36.601   566.3
264.8000      -1768.075    -1805.568       37.493   580.1
265.0000      -1768.058    -1805.626       37.568   581.3
265.2000      -1768.040    -1806.650       38.610   597.4
265.4000      -1768.019    -1801.973       33.954   525.4
265.6000      -1768.007    -1804.050       36.043   557.7
265.8000      -1767.986    -1803.984       35.998   557.0
266.0000      -1767.965    -1803.298       35.333   546.7
266.2000      -1767.949    -1805.781       37.832   585.4
266.4000      -1767.934    -1805.826       37.892   586.3
266.6000      -1767.916    -1805.118       37.202   575.6
266.8000      -1767.899    -1804.429       36.530   565.2
267.0000      -1767.880    -1804.364       36.484   564.5
267.2000      -1767.863    -1804.111       36.248   560.9
267.4000      -1767.845    -1803.786       35.941   556.1
267.6000      -1767.830    -1804.385       36.555   565.6
267.8000      -1767.813    -1803.529       35.716   552.6
268.0000      -1767.796    -1805.709       37.913   586.6
268.2000      -1767.777    -1804.802       37.025   572.9
268.4000      -1767.757    -1804.373       36.616   566.5
268.6000      -1767.737    -1803.361       35.624   551.2
